<?xml version="1.0" encoding="UTF-8"?>
<!-- Generated by org.testng.reporters.JUnitXMLReporter -->
<testsuite hostname="5570-33XJRC2" ignored="0" name="CupsAutomation" tests="25" failures="0" timestamp="27 Feb 2020 09:21:11 GMT" time="322.972" errors="0">
  <testcase name="executeTest" time="35.097" classname="com.actiance.tests.CupsTestCases"/>
  <testcase name="executeTest" time="13.043" classname="com.actiance.tests.CupsTestCases"/>
  <testcase name="executeTest" time="10.461" classname="com.actiance.tests.CupsTestCases"/>
  <testcase name="executeTest" time="6.937" classname="com.actiance.tests.CupsTestCases"/>
  <testcase name="executeTest" time="4.91" classname="com.actiance.tests.CupsTestCases"/>
  <testcase name="executeTest" time="6.261" classname="com.actiance.tests.CupsTestCases"/>
  <testcase name="executeTest" time="8.428" classname="com.actiance.tests.CupsTestCases"/>
  <testcase name="executeTest" time="5.871" classname="com.actiance.tests.CupsTestCases"/>
  <testcase name="executeTest" time="4.968" classname="com.actiance.tests.CupsTestCases"/>
  <testcase name="executeTest" time="5.426" classname="com.actiance.tests.CupsTestCases"/>
  <testcase name="executeTest" time="8.754" classname="com.actiance.tests.CupsTestCases"/>
  <testcase name="executeTest" time="9.383" classname="com.actiance.tests.CupsTestCases"/>
  <testcase name="executeTest" time="6.47" classname="com.actiance.tests.CupsTestCases"/>
  <testcase name="executeTest" time="7.183" classname="com.actiance.tests.CupsTestCases"/>
  <testcase name="executeTest" time="4.3" classname="com.actiance.tests.CupsTestCases"/>
  <testcase name="executeTest" time="4.4" classname="com.actiance.tests.CupsTestCases"/>
  <testcase name="executeTest" time="7.468" classname="com.actiance.tests.CupsTestCases"/>
  <testcase name="executeTest" time="5.055" classname="com.actiance.tests.CupsTestCases"/>
  <testcase name="executeTest" time="5.066" classname="com.actiance.tests.CupsTestCases"/>
  <testcase name="executeTest" time="7.161" classname="com.actiance.tests.CupsTestCases"/>
  <testcase name="executeTest" time="9.333" classname="com.actiance.tests.CupsTestCases"/>
  <testcase name="executeTest" time="10.158" classname="com.actiance.tests.CupsTestCases"/>
  <testcase name="executeTest" time="7.724" classname="com.actiance.tests.CupsTestCases"/>
  <testcase name="executeTest" time="52.048" classname="com.actiance.tests.CupsTestCases"/>
  <testcase name="executeTest" time="75.647" classname="com.actiance.tests.CupsTestCases"/>
</testsuite> <!-- CupsAutomation -->
